[debug] [2021-11-18T07:25:41.567Z] ----------------------------------------------------------------------
[debug] [2021-11-18T07:25:41.569Z] Command:       C:\Program Files\nodejs\node.exe C:\Users\golui\AppData\Roaming\npm\node_modules\firebase-tools\lib\bin\firebase.js init
[debug] [2021-11-18T07:25:41.569Z] CLI Version:   9.16.0
[debug] [2021-11-18T07:25:41.569Z] Platform:      win32
[debug] [2021-11-18T07:25:41.569Z] Node Version:  v14.18.1
[debug] [2021-11-18T07:25:41.570Z] Time:          Thu Nov 18 2021 12:55:41 GMT+0530 (India Standard Time)
[debug] [2021-11-18T07:25:41.570Z] ----------------------------------------------------------------------
[debug] 
[debug] [2021-11-18T07:25:41.574Z] >>> [apiv2][query] GET https://firebase-public.firebaseio.com/cli.json [none]
[debug] [2021-11-18T07:25:41.650Z] > command requires scopes: ["email","openid","https://www.googleapis.com/auth/cloudplatformprojects.readonly","https://www.googleapis.com/auth/firebase","https://www.googleapis.com/auth/cloud-platform"]
[debug] [2021-11-18T07:25:41.650Z] > authorizing via signed-in user (imashish0815@gmail.com)
[info] 
     ######## #### ########  ######## ########     ###     ######  ########
     ##        ##  ##     ## ##       ##     ##  ##   ##  ##       ##
     ######    ##  ########  ######   ########  #########  ######  ######
     ##        ##  ##    ##  ##       ##     ## ##     ##       ## ##
     ##       #### ##     ## ######## ########  ##     ##  ######  ########

You're about to initialize a Firebase project in this directory:

  C:\Users\golui\beastmode

Before we get started, keep in mind:

  * You are initializing within an existing Firebase project directory

[debug] [2021-11-18T07:25:42.597Z] <<< [apiv2][status] GET https://firebase-public.firebaseio.com/cli.json 200
[debug] [2021-11-18T07:25:42.597Z] <<< [apiv2][body] GET https://firebase-public.firebaseio.com/cli.json {"cloudBuildErrorAfter":1594252800000,"cloudBuildWarnAfter":1590019200000,"defaultNode10After":1594252800000,"minVersion":"3.0.5","node8DeploysDisabledAfter":1613390400000,"node8RuntimeDisabledAfter":1615809600000,"node8WarnAfter":1600128000000}
